Info: Starting: Create block symbol file (.bsf)
Info: qsys-generate C:\Users\Aloha-777\Desktop\pll_qsyss\v2\pll_qsys.qsys --block-symbol-file --output-directory=C:\Users\Aloha-777\Desktop\pll_qsyss\v2 --family="Cyclone IV E" --part=Unknown
Progress: Loading v2/pll_qsys.qsys
Progress: Reading input file
Progress: Adding altpll_0 [altpll 15.0]
Progress: Parameterizing module altpll_0
Progress: Adding clk_0 [clock_source 15.0]
Progress: Parameterizing module clk_0
Progress: Building connections
Progress: Parameterizing connections
Progress: Validating
Progress: Done reading input file
Warning: pll_qsys.altpll_0: altpll_0.areset_conduit must be exported, or connected to a matching conduit.
Warning: pll_qsys.altpll_0: altpll_0.locked_conduit must be exported, or connected to a matching conduit.
Warning: pll_qsys.altpll_0: altpll_0.phasedone_conduit must be exported, or connected to a matching conduit.
Warning: pll_qsys.altpll_0: altpll_0.pll_slave must be connected to an Avalon-MM master
Info: ip-generate succeeded.
Info: Finished: Create block symbol file (.bsf)
Info: 
Info: Starting: Create HDL design files for synthesis
Info: qsys-generate C:\Users\Aloha-777\Desktop\pll_qsyss\v2\pll_qsys.qsys --synthesis=VERILOG --output-directory=C:\Users\Aloha-777\Desktop\pll_qsyss\v2\synthesis --family="Cyclone IV E" --part=Unknown
Progress: Loading v2/pll_qsys.qsys
Progress: Reading input file
Progress: Adding altpll_0 [altpll 15.0]
Progress: Parameterizing module altpll_0
Progress: Adding clk_0 [clock_source 15.0]
Progress: Parameterizing module clk_0
Progress: Building connections
Progress: Parameterizing connections
Progress: Validating
Progress: Done reading input file
Warning: pll_qsys.altpll_0: altpll_0.areset_conduit must be exported, or connected to a matching conduit.
Warning: pll_qsys.altpll_0: altpll_0.locked_conduit must be exported, or connected to a matching conduit.
Warning: pll_qsys.altpll_0: altpll_0.phasedone_conduit must be exported, or connected to a matching conduit.
Warning: pll_qsys.altpll_0: altpll_0.pll_slave must be connected to an Avalon-MM master
Info: pll_qsys: Generating pll_qsys "pll_qsys" for QUARTUS_SYNTH
Info: altpll_0: "pll_qsys" instantiated altpll "altpll_0"
Info: rst_controller: "pll_qsys" instantiated altera_reset_controller "rst_controller"
Info: pll_qsys: Done "pll_qsys" with 3 modules, 5 files
Info: ip-generate succeeded.
Info: Finished: Create HDL design files for synthesis
