Flow report for DE2_115_CAMERA
Wed Jan 16 13:00:07 2019
Quartus II 64-Bit Version 15.0.0 Build 145 04/22/2015 SJ Full Version


---------------------
; Table of Contents ;
---------------------
  1. Legal Notice
  2. Flow Summary
  3. Flow Settings
  4. Flow Non-Default Global Settings
  5. Flow Elapsed Time
  6. Flow OS Summary
  7. Flow Log
  8. Flow Messages
  9. Flow Suppressed Messages



----------------
; Legal Notice ;
----------------
Copyright (C) 1991-2015 Altera Corporation. All rights reserved.
Your use of Altera Corporation's design tools, logic functions 
and other software and tools, and its AMPP partner logic 
functions, and any output files from any of the foregoing 
(including device programming or simulation files), and any 
associated documentation or information are expressly subject 
to the terms and conditions of the Altera Program License 
Subscription Agreement, the Altera Quartus II License Agreement,
the Altera MegaCore Function License Agreement, or other 
applicable license agreement, including, without limitation, 
that your use is for the sole purpose of programming logic 
devices manufactured by Altera and sold by Altera or its 
authorized distributors.  Please refer to the applicable 
agreement for further details.



+----------------------------------------------------------------------------------+
; Flow Summary                                                                     ;
+------------------------------------+---------------------------------------------+
; Flow Status                        ; Successful - Wed Jan 16 12:59:44 2019       ;
; Quartus II 64-Bit Version          ; 15.0.0 Build 145 04/22/2015 SJ Full Version ;
; Revision Name                      ; DE2_115_CAMERA                              ;
; Top-level Entity Name              ; DE2_115_CAMERA                              ;
; Family                             ; Cyclone IV E                                ;
; Device                             ; EP4CE115F29C7                               ;
; Timing Models                      ; Final                                       ;
; Total logic elements               ; 35,837 / 114,480 ( 31 % )                   ;
;     Total combinational functions  ; 29,286 / 114,480 ( 26 % )                   ;
;     Dedicated logic registers      ; 23,485 / 114,480 ( 21 % )                   ;
; Total registers                    ; 23485                                       ;
; Total pins                         ; 428 / 529 ( 81 % )                          ;
; Total virtual pins                 ; 0                                           ;
; Total memory bits                  ; 161,368 / 3,981,312 ( 4 % )                 ;
; Embedded Multiplier 9-bit elements ; 28 / 532 ( 5 % )                            ;
; Total PLLs                         ; 2 / 4 ( 50 % )                              ;
+------------------------------------+---------------------------------------------+


+-----------------------------------------+
; Flow Settings                           ;
+-------------------+---------------------+
; Option            ; Setting             ;
+-------------------+---------------------+
; Start date & time ; 01/16/2019 12:52:31 ;
; Main task         ; Compilation         ;
; Revision Name     ; DE2_115_CAMERA      ;
+-------------------+---------------------+


+-----------------------------------------------------------------------------------------------------------------------------------------------------------------------------------+
; Flow Non-Default Global Settings                                                                                                                                                  ;
+-------------------------------------+--------------------------------------------------------------------------------------+---------------+-------------------+------------------+
; Assignment Name                     ; Value                                                                                ; Default Value ; Entity Name       ; Section Id       ;
+-------------------------------------+--------------------------------------------------------------------------------------+---------------+-------------------+------------------+
; COMPILER_SIGNATURE_ID               ; 150461132066251.154761435115504                                                      ; --            ; --                ; --               ;
; ENABLE_SIGNALTAP                    ; On                                                                                   ; --            ; --                ; --               ;
; MAX_CORE_JUNCTION_TEMP              ; 85                                                                                   ; --            ; --                ; --               ;
; MESSAGE_DISABLE                     ; 270007                                                                               ; --            ; fft_0112_fft_ii_0 ; --               ;
; MESSAGE_DISABLE                     ; 270007                                                                               ; --            ; fft_0114_fft_ii_0 ; --               ;
; MIN_CORE_JUNCTION_TEMP              ; 0                                                                                    ; --            ; --                ; --               ;
; MISC_FILE                           ; ../../../FFT/fft_0112/synthesis/../fft_0112.cmp                                      ; --            ; --                ; --               ;
; MISC_FILE                           ; ../../../FFT/fft_0112/synthesis/../fft_0112.qsys                                     ; --            ; --                ; --               ;
; MISC_FILE                           ; ../../../FFT/fft_0114/synthesis/../fft_0114.cmp                                      ; --            ; --                ; --               ;
; MISC_FILE                           ; ../../../FFT/fft_0114/synthesis/../fft_0114.qsys                                     ; --            ; --                ; --               ;
; MISC_FILE                           ; ../wm8731_pll2/synthesis/../wm8731_pll2.cmp                                          ; --            ; --                ; --               ;
; MISC_FILE                           ; ../wm8731_pll2/synthesis/../wm8731_pll2.qsys                                         ; --            ; --                ; --               ;
; MISC_FILE                           ; v/sdram_pll.bsf                                                                      ; --            ; --                ; --               ;
; MISC_FILE                           ; v/sdram_pll.ppf                                                                      ; --            ; --                ; --               ;
; MISC_FILE                           ; v/Line_Buffer1.bsf                                                                   ; --            ; --                ; --               ;
; OUTPUT_IO_TIMING_FAR_END_VMEAS      ; Half Signal Swing                                                                    ; --            ; --                ; --               ;
; OUTPUT_IO_TIMING_FAR_END_VMEAS      ; Half Signal Swing                                                                    ; --            ; --                ; --               ;
; OUTPUT_IO_TIMING_NEAR_END_VMEAS     ; Half Vccio                                                                           ; --            ; --                ; --               ;
; OUTPUT_IO_TIMING_NEAR_END_VMEAS     ; Half Vccio                                                                           ; --            ; --                ; --               ;
; PARTITION_COLOR                     ; 16764057                                                                             ; --            ; --                ; Top              ;
; PARTITION_FITTER_PRESERVATION_LEVEL ; PLACEMENT_AND_ROUTING                                                                ; --            ; --                ; Top              ;
; PARTITION_NETLIST_TYPE              ; SOURCE                                                                               ; --            ; --                ; Top              ;
; POWER_BOARD_THERMAL_MODEL           ; None (CONSERVATIVE)                                                                  ; --            ; --                ; --               ;
; POWER_PRESET_COOLING_SOLUTION       ; 23 MM HEAT SINK WITH 200 LFPM AIRFLOW                                                ; --            ; --                ; --               ;
; SLD_FILE                            ; ../../../FFT/fft_0112/synthesis/fft_0112.debuginfo                                   ; --            ; --                ; --               ;
; SLD_FILE                            ; ../../../FFT/fft_0114/synthesis/fft_0114.debuginfo                                   ; --            ; --                ; --               ;
; SLD_FILE                            ; ../wm8731_pll2/synthesis/wm8731_pll2.debuginfo                                       ; --            ; --                ; --               ;
; SLD_FILE                            ; db/stp4_auto_stripped.stp                                                            ; --            ; --                ; --               ;
; SLD_INFO                            ; QSYS_NAME fft_0112 HAS_SOPCINFO 1 GENERATION_ID 1547365219                           ; --            ; fft_0112          ; --               ;
; SLD_INFO                            ; QSYS_NAME fft_0114 HAS_SOPCINFO 1 GENERATION_ID 1547431425                           ; --            ; fft_0114          ; --               ;
; SLD_INFO                            ; QSYS_NAME wm8731_pll2 HAS_SOPCINFO 1 GENERATION_ID 1546516230                        ; --            ; wm8731_pll2       ; --               ;
; SLD_NODE_CREATOR_ID                 ; 110                                                                                  ; --            ; --                ; auto_signaltap_0 ;
; SLD_NODE_ENTITY_NAME                ; sld_signaltap                                                                        ; --            ; --                ; auto_signaltap_0 ;
; SLD_NODE_PARAMETER_ASSIGNMENT       ; SLD_RAM_BLOCK_TYPE=AUTO                                                              ; --            ; --                ; auto_signaltap_0 ;
; SLD_NODE_PARAMETER_ASSIGNMENT       ; SLD_NODE_INFO=805334528                                                              ; --            ; --                ; auto_signaltap_0 ;
; SLD_NODE_PARAMETER_ASSIGNMENT       ; SLD_POWER_UP_TRIGGER=0                                                               ; --            ; --                ; auto_signaltap_0 ;
; SLD_NODE_PARAMETER_ASSIGNMENT       ; SLD_STORAGE_QUALIFIER_INVERSION_MASK_LENGTH=0                                        ; --            ; --                ; auto_signaltap_0 ;
; SLD_NODE_PARAMETER_ASSIGNMENT       ; SLD_ATTRIBUTE_MEM_MODE=OFF                                                           ; --            ; --                ; auto_signaltap_0 ;
; SLD_NODE_PARAMETER_ASSIGNMENT       ; SLD_INCREMENTAL_ROUTING=1                                                            ; --            ; --                ; auto_signaltap_0 ;
; SLD_NODE_PARAMETER_ASSIGNMENT       ; SLD_TRIGGER_LEVEL=1                                                                  ; --            ; --                ; auto_signaltap_0 ;
; SLD_NODE_PARAMETER_ASSIGNMENT       ; SLD_TRIGGER_IN_ENABLED=0                                                             ; --            ; --                ; auto_signaltap_0 ;
; SLD_NODE_PARAMETER_ASSIGNMENT       ; SLD_ADVANCED_TRIGGER_ENTITY=basic,1,                                                 ; --            ; --                ; auto_signaltap_0 ;
; SLD_NODE_PARAMETER_ASSIGNMENT       ; SLD_TRIGGER_LEVEL_PIPELINE=1                                                         ; --            ; --                ; auto_signaltap_0 ;
; SLD_NODE_PARAMETER_ASSIGNMENT       ; SLD_ENABLE_ADVANCED_TRIGGER=0                                                        ; --            ; --                ; auto_signaltap_0 ;
; SLD_NODE_PARAMETER_ASSIGNMENT       ; SLD_STATE_FLOW_USE_GENERATED=1                                                       ; --            ; --                ; auto_signaltap_0 ;
; SLD_NODE_PARAMETER_ASSIGNMENT       ; SLD_STATE_BITS=2                                                                     ; --            ; --                ; auto_signaltap_0 ;
; SLD_NODE_PARAMETER_ASSIGNMENT       ; SLD_BUFFER_FULL_STOP=0                                                               ; --            ; --                ; auto_signaltap_0 ;
; SLD_NODE_PARAMETER_ASSIGNMENT       ; SLD_CURRENT_RESOURCE_WIDTH=0                                                         ; --            ; --                ; auto_signaltap_0 ;
; SLD_NODE_PARAMETER_ASSIGNMENT       ; SLD_SEGMENT_SIZE=512                                                                 ; --            ; --                ; auto_signaltap_0 ;
; SLD_NODE_PARAMETER_ASSIGNMENT       ; SLD_SAMPLE_DEPTH=512                                                                 ; --            ; --                ; auto_signaltap_0 ;
; SLD_NODE_PARAMETER_ASSIGNMENT       ; SLD_STATE_FLOW_MGR_ENTITY=sld_reserved_DE2_115_CAMERA_auto_signaltap_0_flow_mgr_c90c ; --            ; --                ; auto_signaltap_0 ;
; SLD_NODE_PARAMETER_ASSIGNMENT       ; SLD_TRIGGER_BITS=17                                                                  ; --            ; --                ; auto_signaltap_0 ;
; SLD_NODE_PARAMETER_ASSIGNMENT       ; SLD_INVERSION_MASK=0000000000000000000000000000000000000000000000000000000000000000  ; --            ; --                ; auto_signaltap_0 ;
; SLD_NODE_PARAMETER_ASSIGNMENT       ; SLD_INVERSION_MASK_LENGTH=64                                                         ; --            ; --                ; auto_signaltap_0 ;
; SLD_NODE_PARAMETER_ASSIGNMENT       ; SLD_DATA_BITS=109                                                                    ; --            ; --                ; auto_signaltap_0 ;
; SLD_NODE_PARAMETER_ASSIGNMENT       ; SLD_STORAGE_QUALIFIER_BITS=109                                                       ; --            ; --                ; auto_signaltap_0 ;
; SOPCINFO_FILE                       ; ../../../FFT/fft_0112/synthesis/../fft_0112.sopcinfo                                 ; --            ; --                ; --               ;
; SOPCINFO_FILE                       ; ../../../FFT/fft_0114/synthesis/../fft_0114.sopcinfo                                 ; --            ; --                ; --               ;
; SOPCINFO_FILE                       ; ../wm8731_pll2/synthesis/../wm8731_pll2.sopcinfo                                     ; --            ; --                ; --               ;
; SYNTHESIS_ONLY_QIP                  ; On                                                                                   ; --            ; --                ; --               ;
; SYNTHESIS_ONLY_QIP                  ; On                                                                                   ; --            ; --                ; --               ;
; SYNTHESIS_ONLY_QIP                  ; On                                                                                   ; --            ; --                ; --               ;
; USE_SIGNALTAP_FILE                  ; stp4.stp                                                                             ; --            ; --                ; --               ;
+-------------------------------------+--------------------------------------------------------------------------------------+---------------+-------------------+------------------+


+-------------------------------------------------------------------------------------------------------------------------------+
; Flow Elapsed Time                                                                                                             ;
+---------------------------+--------------+-------------------------+---------------------+------------------------------------+
; Module Name               ; Elapsed Time ; Average Processors Used ; Peak Virtual Memory ; Total CPU Time (on all processors) ;
+---------------------------+--------------+-------------------------+---------------------+------------------------------------+
; Analysis & Synthesis      ; 00:03:01     ; 1.0                     ; 5434 MB             ; 00:03:19                           ;
; Fitter                    ; 00:03:50     ; 2.1                     ; 6392 MB             ; 00:06:41                           ;
; Assembler                 ; 00:00:06     ; 1.0                     ; 4899 MB             ; 00:00:06                           ;
; TimeQuest Timing Analyzer ; 00:00:20     ; 1.3                     ; 5396 MB             ; 00:00:24                           ;
; Total                     ; 00:07:17     ; --                      ; --                  ; 00:10:30                           ;
+---------------------------+--------------+-------------------------+---------------------+------------------------------------+


+----------------------------------------------------------------------------------------+
; Flow OS Summary                                                                        ;
+---------------------------+------------------+-----------+------------+----------------+
; Module Name               ; Machine Hostname ; OS Name   ; OS Version ; Processor type ;
+---------------------------+------------------+-----------+------------+----------------+
; Analysis & Synthesis      ; DESKTOP-P8R3IFU  ; Windows 7 ; 6.2        ; x86_64         ;
; Fitter                    ; DESKTOP-P8R3IFU  ; Windows 7 ; 6.2        ; x86_64         ;
; Assembler                 ; DESKTOP-P8R3IFU  ; Windows 7 ; 6.2        ; x86_64         ;
; TimeQuest Timing Analyzer ; DESKTOP-P8R3IFU  ; Windows 7 ; 6.2        ; x86_64         ;
+---------------------------+------------------+-----------+------------+----------------+


------------
; Flow Log ;
------------
quartus_map --read_settings_files=on --write_settings_files=off DE2_115_CAMERA -c DE2_115_CAMERA
quartus_fit --read_settings_files=off --write_settings_files=off DE2_115_CAMERA -c DE2_115_CAMERA
quartus_asm --read_settings_files=off --write_settings_files=off DE2_115_CAMERA -c DE2_115_CAMERA
quartus_sta DE2_115_CAMERA -c DE2_115_CAMERA



